<?xml version="1.0" encoding="UTF-8" ?>
<testsuite failures="0" time="0.011" errors="0" skipped="0" tests="1" name="uk.co.benjiweber.odb.AppTest">
  <properties>
    <property name="java.runtime.name" value="Java(TM) SE Runtime Environment"/>
    <property name="sun.boot.library.path" value="/usr/lib64/jvm/java-1.6.0-sun-1.6.0.u7/jre/lib/amd64"/>
    <property name="java.vm.version" value="10.0-b23"/>
    <property name="java.vm.vendor" value="Sun Microsystems Inc."/>
    <property name="java.vendor.url" value="http://java.sun.com/"/>
    <property name="path.separator" value=":"/>
    <property name="java.vm.name" value="Java HotSpot(TM) 64-Bit Server VM"/>
    <property name="file.encoding.pkg" value="sun.io"/>
    <property name="user.country" value="GB"/>
    <property name="sun.java.launcher" value="SUN_STANDARD"/>
    <property name="sun.os.patch.level" value="unknown"/>
    <property name="java.vm.specification.name" value="Java Virtual Machine Specification"/>
    <property name="user.dir" value="/home/benji/NetBeansProjects/Maven/odb"/>
    <property name="java.runtime.version" value="1.6.0_07-b06"/>
    <property name="java.awt.graphicsenv" value="sun.awt.X11GraphicsEnvironment"/>
    <property name="basedir" value="/home/benji/NetBeansProjects/Maven/odb"/>
    <property name="java.endorsed.dirs" value="/usr/lib64/jvm/java-1.6.0-sun-1.6.0.u7/jre/lib/endorsed"/>
    <property name="os.arch" value="amd64"/>
    <property name="java.io.tmpdir" value="/tmp"/>
    <property name="line.separator" value="
"/>
    <property name="java.vm.specification.vendor" value="Sun Microsystems Inc."/>
    <property name="os.name" value="Linux"/>
    <property name="sun.jnu.encoding" value="UTF-8"/>
    <property name="java.library.path" value="/usr/lib64/jvm/java-1.6.0-sun-1.6.0.u7/jre/lib/amd64/server:/usr/lib64/jvm/java-1.6.0-sun-1.6.0.u7/jre/lib/amd64:/usr/lib64/jvm/java-1.6.0-sun-1.6.0.u7/jre/../lib/amd64:/usr/java/packages/lib/amd64:/lib:/usr/lib"/>
    <property name="java.specification.name" value="Java Platform API Specification"/>
    <property name="java.class.version" value="50.0"/>
    <property name="sun.management.compiler" value="HotSpot 64-Bit Server Compiler"/>
    <property name="os.version" value="2.6.25.16-0.1-default"/>
    <property name="user.home" value="/home/benji"/>
    <property name="user.timezone" value=""/>
    <property name="java.awt.printerjob" value="sun.print.PSPrinterJob"/>
    <property name="file.encoding" value="UTF-8"/>
    <property name="java.specification.version" value="1.6"/>
    <property name="user.name" value="benji"/>
    <property name="java.class.path" value="/home/benji/.m2/repository/org/codehaus/plexus/plexus-archiver/1.0-alpha-7/plexus-archiver-1.0-alpha-7.jar:/home/benji/.m2/repository/org/apache/maven/surefire/surefire-api/2.3/surefire-api-2.3.jar:/home/benji/.m2/repository/org/codehaus/plexus/plexus-container-default/1.0-alpha-8/plexus-container-default-1.0-alpha-8.jar:/home/benji/.m2/repository/org/codehaus/plexus/plexus-utils/1.1/plexus-utils-1.1.jar:/home/benji/.m2/repository/classworlds/classworlds/1.1-alpha-2/classworlds-1.1-alpha-2.jar:/home/benji/.m2/repository/org/apache/maven/surefire/surefire-booter/2.3/surefire-booter-2.3.jar:/home/benji/.m2/repository/commons-lang/commons-lang/2.1/commons-lang-2.1.jar:/home/benji/.m2/repository/junit/junit/3.8.1/junit-3.8.1.jar"/>
    <property name="java.vm.specification.version" value="1.0"/>
    <property name="sun.arch.data.model" value="64"/>
    <property name="java.home" value="/usr/lib64/jvm/java-1.6.0-sun-1.6.0.u7/jre"/>
    <property name="java.specification.vendor" value="Sun Microsystems Inc."/>
    <property name="user.language" value="en"/>
    <property name="java.vm.info" value="mixed mode"/>
    <property name="java.version" value="1.6.0_07"/>
    <property name="java.ext.dirs" value="/usr/lib64/jvm/java-1.6.0-sun-1.6.0.u7/jre/lib/ext:/usr/java/packages/lib/ext"/>
    <property name="sun.boot.class.path" value="/usr/lib64/jvm/java-1.6.0-sun-1.6.0.u7/jre/lib/resources.jar:/usr/lib64/jvm/java-1.6.0-sun-1.6.0.u7/jre/lib/rt.jar:/usr/lib64/jvm/java-1.6.0-sun-1.6.0.u7/jre/lib/sunrsasign.jar:/usr/lib64/jvm/java-1.6.0-sun-1.6.0.u7/jre/lib/jsse.jar:/usr/lib64/jvm/java-1.6.0-sun-1.6.0.u7/jre/lib/jce.jar:/usr/lib64/jvm/java-1.6.0-sun-1.6.0.u7/jre/lib/charsets.jar:/usr/lib64/jvm/java-1.6.0-sun-1.6.0.u7/jre/classes"/>
    <property name="java.vendor" value="Sun Microsystems Inc."/>
    <property name="localRepository" value="/home/benji/.m2/repository"/>
    <property name="file.separator" value="/"/>
    <property name="java.vendor.url.bug" value="http://java.sun.com/cgi-bin/bugreport.cgi"/>
    <property name="sun.cpu.endian" value="little"/>
    <property name="sun.io.unicode.encoding" value="UnicodeLittle"/>
    <property name="sun.desktop" value="gnome"/>
    <property name="sun.cpu.isalist" value=""/>
  </properties>
  <testcase time="0.002" name="testApp"/>
</testsuite>